<?xml version="1.0" encoding="UTF-8"?>
<!-- Generated by org.testng.reporters.JUnitXMLReporter -->
<testsuite ignored="0" hostname="DESKTOP-M8CJ0LM" failures="1" tests="7" name="Run on Firefox" time="59.33" errors="0" timestamp="11 Sep 2023 11:12:46 GMT">
  <testcase classname="com.nopcommerce.user.Admin_01_Search_Products" name="Admin_01_Search_With_Product_Name" time="4.047"/>
  <testcase classname="com.nopcommerce.user.Admin_01_Search_Products" name="Admin_02_Search_With_Product_Name_Catefory" time="0.997"/>
  <testcase classname="com.nopcommerce.user.Admin_01_Search_Products" name="Admin_03_Search_With_Product_Name_Catefory_Checked" time="1.037"/>
  <testcase classname="com.nopcommerce.user.Admin_01_Search_Products" name="Admin_04_Search_With_Product_Name_Child_Catefory" time="1.274"/>
  <testcase classname="com.nopcommerce.user.Admin_01_Search_Products" name="Admin_05_Search_With_Product_Name_ManuFacTurer" time="1.435"/>
  <testcase classname="com.nopcommerce.user.Admin_01_Search_Products" name="Admin_06_Search_With_Product_Go_Directly" time="31.42">
    <failure type="org.openqa.selenium.TimeoutException" message="Expected condition failed: waiting for visibility of element located by By.xpath: //p[contains(text(),&amp;apos; Products&amp;apos;)]/parent::a/i (tried for 30 second(s) with 500 milliseconds interval)
Build info: version: &amp;apos;3.141.59&amp;apos;, revision: &amp;apos;e82be7d358&amp;apos;, time: &amp;apos;2018-11-14T08:25:53&amp;apos;
System info: host: &amp;apos;DESKTOP-M8CJ0LM&amp;apos;, ip: &amp;apos;172.17.52.180&amp;apos;, os.name: &amp;apos;Windows 10&amp;apos;, os.arch: &amp;apos;amd64&amp;apos;, os.version: &amp;apos;10.0&amp;apos;, java.version: &amp;apos;11.0.14&amp;apos;
Driver info: org.openqa.selenium.firefox.FirefoxDriver
Capabilities {acceptInsecureCerts: true, browserName: firefox, browserVersion: 117.0, javascriptEnabled: true, moz:accessibilityChecks: false, moz:buildID: 20230824132758, moz:geckodriverVersion: 0.29.0, moz:headless: false, moz:platformVersion: 10.0, moz:processID: 14536, moz:profile: C:\Users\ths28\AppData\Loca..., moz:shutdownTimeout: 60000, moz:webdriverClick: true, moz:windowless: false, pageLoadStrategy: normal, platform: WINDOWS, platformName: WINDOWS, proxy: Proxy(), setWindowRect: true, strictFileInteractability: false, timeouts: {implicit: 0, pageLoad: 300000, script: 30000}, unhandledPromptBehavior: dismiss and notify}
Session ID: efc3db14-0aa8-44c8-b023-7fbcd38cdba8">
      <![CDATA[org.openqa.selenium.TimeoutException: Expected condition failed: waiting for visibility of element located by By.xpath: //p[contains(text(),' Products')]/parent::a/i (tried for 30 second(s) with 500 milliseconds interval)
Build info: version: '3.141.59', revision: 'e82be7d358', time: '2018-11-14T08:25:53'
System info: host: 'DESKTOP-M8CJ0LM', ip: '172.17.52.180', os.name: 'Windows 10', os.arch: 'amd64', os.version: '10.0', java.version: '11.0.14'
Driver info: org.openqa.selenium.firefox.FirefoxDriver
Capabilities {acceptInsecureCerts: true, browserName: firefox, browserVersion: 117.0, javascriptEnabled: true, moz:accessibilityChecks: false, moz:buildID: 20230824132758, moz:geckodriverVersion: 0.29.0, moz:headless: false, moz:platformVersion: 10.0, moz:processID: 14536, moz:profile: C:\Users\ths28\AppData\Loca..., moz:shutdownTimeout: 60000, moz:webdriverClick: true, moz:windowless: false, pageLoadStrategy: normal, platform: WINDOWS, platformName: WINDOWS, proxy: Proxy(), setWindowRect: true, strictFileInteractability: false, timeouts: {implicit: 0, pageLoad: 300000, script: 30000}, unhandledPromptBehavior: dismiss and notify}
Session ID: efc3db14-0aa8-44c8-b023-7fbcd38cdba8
at org.openqa.selenium.support.ui.WebDriverWait.timeoutException(WebDriverWait.java:95)
at org.openqa.selenium.support.ui.FluentWait.until(FluentWait.java:272)
at commons.BasePage.waitForElementVisible(BasePage.java:445)
at pageObjects.nopCommerce.admin.AdminDashBoardPageObject.clickToSidebarBylabel(AdminDashBoardPageObject.java:21)
at com.nopcommerce.user.Admin_01_Search_Products.Admin_06_Search_With_Product_Go_Directly(Admin_01_Search_Products.java:143)
... Removed 25 stack frames]]>
    </failure>
  </testcase> <!-- Admin_06_Search_With_Product_Go_Directly -->
  <testcase classname="com.nopcommerce.user.Admin_01_Search_Products" name="Admin_07_Create_New_Customer" time="6.17"/>
</testsuite> <!-- Run on Firefox -->
