<?xml version="1.0" encoding="UTF-8"?>
<!-- Generated by org.testng.reporters.JUnitXMLReporter -->
<testsuite ignored="0" hostname="DESKTOP-M8CJ0LM" failures="0" tests="7" name="Run on Chrome" time="3.395" errors="0" timestamp="11 Sep 2023 10:54:56 GMT">
  <testcase classname="com.nopcommerce.user.Admin_01_Search_Products" name="@BeforeClass beforeClass" time="3.329">
    <failure type="org.openqa.selenium.SessionNotCreatedException" message="session not created: This version of ChromeDriver only supports Chrome version 114
Current browser version is 116.0.5845.180 with binary path C:\Program Files\Google\Chrome\Application\chrome.exe
Build info: version: &amp;apos;3.141.59&amp;apos;, revision: &amp;apos;e82be7d358&amp;apos;, time: &amp;apos;2018-11-14T08:25:53&amp;apos;
System info: host: &amp;apos;DESKTOP-M8CJ0LM&amp;apos;, ip: &amp;apos;172.17.52.180&amp;apos;, os.name: &amp;apos;Windows 10&amp;apos;, os.arch: &amp;apos;amd64&amp;apos;, os.version: &amp;apos;10.0&amp;apos;, java.version: &amp;apos;11.0.14&amp;apos;
Driver info: driver.version: ChromeDriver
remote stacktrace: Backtrace:
	GetHandleVerifier [0x0112A813+48355]
	(No symbol) [0x010BC4B1]
	(No symbol) [0x00FC5358]
	(No symbol) [0x00FE61AC]
	(No symbol) [0x00FE1EF3]
	(No symbol) [0x00FE0579]
	(No symbol) [0x01010C55]
	(No symbol) [0x0101093C]
	(No symbol) [0x0100A536]
	(No symbol) [0x00FE82DC]
	(No symbol) [0x00FE93DD]
	GetHandleVerifier [0x0138AABD+2539405]
	GetHandleVerifier [0x013CA78F+2800735]
	GetHandleVerifier [0x013C456C+2775612]
	GetHandleVerifier [0x011B51E0+616112]
	(No symbol) [0x010C5F8C]
	(No symbol) [0x010C2328]
	(No symbol) [0x010C240B]
	(No symbol) [0x010B4FF7]
	BaseThreadInitThunk [0x764500C9+25]
	RtlGetAppContainerNamedObjectPath [0x77307B1E+286]
	RtlGetAppContainerNamedObjectPath [0x77307AEE+238]
">
      <![CDATA[org.openqa.selenium.SessionNotCreatedException: session not created: This version of ChromeDriver only supports Chrome version 114
Current browser version is 116.0.5845.180 with binary path C:\Program Files\Google\Chrome\Application\chrome.exe
Build info: version: '3.141.59', revision: 'e82be7d358', time: '2018-11-14T08:25:53'
System info: host: 'DESKTOP-M8CJ0LM', ip: '172.17.52.180', os.name: 'Windows 10', os.arch: 'amd64', os.version: '10.0', java.version: '11.0.14'
Driver info: driver.version: ChromeDriver
remote stacktrace: Backtrace:
GetHandleVerifier [0x0112A813+48355]
(No symbol) [0x010BC4B1]
(No symbol) [0x00FC5358]
(No symbol) [0x00FE61AC]
(No symbol) [0x00FE1EF3]
(No symbol) [0x00FE0579]
(No symbol) [0x01010C55]
(No symbol) [0x0101093C]
(No symbol) [0x0100A536]
(No symbol) [0x00FE82DC]
(No symbol) [0x00FE93DD]
GetHandleVerifier [0x0138AABD+2539405]
GetHandleVerifier [0x013CA78F+2800735]
GetHandleVerifier [0x013C456C+2775612]
GetHandleVerifier [0x011B51E0+616112]
(No symbol) [0x010C5F8C]
(No symbol) [0x010C2328]
(No symbol) [0x010C240B]
(No symbol) [0x010B4FF7]
BaseThreadInitThunk [0x764500C9+25]
RtlGetAppContainerNamedObjectPath [0x77307B1E+286]
RtlGetAppContainerNamedObjectPath [0x77307AEE+238]

at org.openqa.selenium.remote.W3CHandshakeResponse.lambda$errorHandler$0(W3CHandshakeResponse.java:62)
at org.openqa.selenium.remote.HandshakeResponse.lambda$getResponseFunction$0(HandshakeResponse.java:30)
at org.openqa.selenium.remote.ProtocolHandshake.lambda$createSession$0(ProtocolHandshake.java:126)
at java.base/java.util.stream.ReferencePipeline$3$1.accept(ReferencePipeline.java:195)
at java.base/java.util.Spliterators$ArraySpliterator.tryAdvance(Spliterators.java:958)
at java.base/java.util.stream.ReferencePipeline.forEachWithCancel(ReferencePipeline.java:127)
at java.base/java.util.stream.AbstractPipeline.copyIntoWithCancel(AbstractPipeline.java:502)
at java.base/java.util.stream.AbstractPipeline.copyInto(AbstractPipeline.java:488)
at java.base/java.util.stream.AbstractPipeline.wrapAndCopyInto(AbstractPipeline.java:474)
at java.base/java.util.stream.FindOps$FindOp.evaluateSequential(FindOps.java:150)
at java.base/java.util.stream.AbstractPipeline.evaluate(AbstractPipeline.java:234)
at java.base/java.util.stream.ReferencePipeline.findFirst(ReferencePipeline.java:543)
at org.openqa.selenium.remote.ProtocolHandshake.createSession(ProtocolHandshake.java:128)
at org.openqa.selenium.remote.ProtocolHandshake.createSession(ProtocolHandshake.java:74)
at org.openqa.selenium.remote.HttpCommandExecutor.execute(HttpCommandExecutor.java:136)
at org.openqa.selenium.remote.service.DriverCommandExecutor.execute(DriverCommandExecutor.java:83)
at org.openqa.selenium.remote.RemoteWebDriver.execute(RemoteWebDriver.java:552)
at org.openqa.selenium.remote.RemoteWebDriver.startSession(RemoteWebDriver.java:213)
at org.openqa.selenium.remote.RemoteWebDriver.<init>(RemoteWebDriver.java:131)
at org.openqa.selenium.chrome.ChromeDriver.<init>(ChromeDriver.java:181)
at org.openqa.selenium.chrome.ChromeDriver.<init>(ChromeDriver.java:168)
at org.openqa.selenium.chrome.ChromeDriver.<init>(ChromeDriver.java:123)
at commons.BaseTest.getBrowserDriver(BaseTest.java:46)
at com.nopcommerce.user.Admin_01_Search_Products.beforeClass(Admin_01_Search_Products.java:33)
... Removed 30 stack frames]]>
    </failure>
  </testcase> <!-- @BeforeClass beforeClass -->
  <testcase classname="com.nopcommerce.user.Admin_01_Search_Products" name="@AfterClass affterClass" time="0.0">
    <skipped/>
  </testcase> <!-- @AfterClass affterClass -->
  <testcase classname="com.nopcommerce.user.Admin_01_Search_Products" name="Admin_01_Search_With_Product_Name" time="0.0">
    <skipped/>
  </testcase> <!-- Admin_01_Search_With_Product_Name -->
  <testcase classname="com.nopcommerce.user.Admin_01_Search_Products" name="Admin_02_Search_With_Product_Name_Catefory" time="0.0">
    <skipped/>
  </testcase> <!-- Admin_02_Search_With_Product_Name_Catefory -->
  <testcase classname="com.nopcommerce.user.Admin_01_Search_Products" name="Admin_03_Search_With_Product_Name_Catefory_Checked" time="0.0">
    <skipped/>
  </testcase> <!-- Admin_03_Search_With_Product_Name_Catefory_Checked -->
  <testcase classname="com.nopcommerce.user.Admin_01_Search_Products" name="Admin_04_Search_With_Product_Name_Child_Catefory" time="0.0">
    <skipped/>
  </testcase> <!-- Admin_04_Search_With_Product_Name_Child_Catefory -->
  <testcase classname="com.nopcommerce.user.Admin_01_Search_Products" name="Admin_05_Search_With_Product_Name_ManuFacTurer" time="0.0">
    <skipped/>
  </testcase> <!-- Admin_05_Search_With_Product_Name_ManuFacTurer -->
  <testcase classname="com.nopcommerce.user.Admin_01_Search_Products" name="Admin_06_Search_With_Product_Go_Directly" time="0.0">
    <skipped/>
  </testcase> <!-- Admin_06_Search_With_Product_Go_Directly -->
  <testcase classname="com.nopcommerce.user.Admin_01_Search_Products" name="Admin_07_Create_New_Customer" time="0.0">
    <skipped/>
  </testcase> <!-- Admin_07_Create_New_Customer -->
</testsuite> <!-- Run on Chrome -->
